# JRE version: OpenJDK Runtime Environment (17.0.11) (build 17.0.11+0--11852314)
# Java VM: OpenJDK 64-Bit Server VM (17.0.11+0--11852314, mixed mode, tiered, compressed oops, compressed class ptrs, g1 gc, windows-amd64)
GC Precious Log:
 CPUs: 20 total, 20 available
 Memory: 16088M
 Large Page Support: Disabled
 NUMA Support: Disabled
 Compressed Oops: Enabled (32-bit)
 Heap Region Size: 1M
 Heap Min Capacity: 8M
 Heap Initial Capacity: 252M
 Heap Max Capacity: 2G
 Pre-touch: Disabled
 Parallel Workers: 15
 Concurrent Workers: 4
 Concurrent Refinement Workers: 15
 Periodic GC: Disabled
Heap:
 garbage-first heap   total 346112K, used 157823K [0x0000000080000000, 0x0000000100000000)
  region size 1024K, 34 young (34816K), 2 survivors (2048K)
 Metaspace       used 121129K, committed 121984K, reserved 1179648K
  class space    used 16154K, committed 16576K, reserved 1048576K
GC Heap History (20 events):
Event: 10.636 GC heap before
{Heap before GC invocations=27 (full 0):
 garbage-first heap   total 173056K, used 89234K [0x0000000080000000, 0x0000000100000000)
  region size 1024K, 12 young (12288K), 5 survivors (5120K)
 Metaspace       used 78162K, committed 78784K, reserved 1179648K
  class space    used 10332K, committed 10624K, reserved 1048576K
}
Event: 10.639 GC heap after
{Heap after GC invocations=28 (full 0):
 garbage-first heap   total 173056K, used 79878K [0x0000000080000000, 0x0000000100000000)
  region size 1024K, 4 young (4096K), 4 survivors (4096K)
 Metaspace       used 78162K, committed 78784K, reserved 1179648K
  class space    used 10332K, committed 10624K, reserved 1048576K
}
Event: 11.307 GC heap before
{Heap before GC invocations=28 (full 0):
 garbage-first heap   total 173056K, used 140294K [0x0000000080000000, 0x0000000100000000)
  region size 1024K, 62 young (63488K), 4 survivors (4096K)
 Metaspace       used 83313K, committed 83968K, reserved 1179648K
  class space    used 11016K, committed 11328K, reserved 1048576K
}
Event: 11.311 GC heap after
{Heap after GC invocations=29 (full 0):
 garbage-first heap   total 173056K, used 83864K [0x0000000080000000, 0x0000000100000000)
  region size 1024K, 7 young (7168K), 7 survivors (7168K)
 Metaspace       used 83313K, committed 83968K, reserved 1179648K
  class space    used 11016K, committed 11328K, reserved 1048576K
}
Event: 11.384 GC heap before
{Heap before GC invocations=29 (full 0):
 garbage-first heap   total 173056K, used 88984K [0x0000000080000000, 0x0000000100000000)
  region size 1024K, 13 young (13312K), 7 survivors (7168K)
 Metaspace       used 83914K, committed 84544K, reserved 1179648K
  class space    used 11105K, committed 11392K, reserved 1048576K
}
Event: 11.388 GC heap after
{Heap after GC invocations=30 (full 0):
 garbage-first heap   total 173056K, used 84397K [0x0000000080000000, 0x0000000100000000)
  region size 1024K, 5 young (5120K), 5 survivors (5120K)
 Metaspace       used 83914K, committed 84544K, reserved 1179648K
  class space    used 11105K, committed 11392K, reserved 1048576K
}
Event: 12.093 GC heap before
{Heap before GC invocations=31 (full 0):
 garbage-first heap   total 173056K, used 145837K [0x0000000080000000, 0x0000000100000000)
  region size 1024K, 61 young (62464K), 5 survivors (5120K)
 Metaspace       used 89428K, committed 89984K, reserved 1179648K
  class space    used 11885K, committed 12160K, reserved 1048576K
}
Event: 12.101 GC heap after
{Heap after GC invocations=32 (full 0):
 garbage-first heap   total 346112K, used 91000K [0x0000000080000000, 0x0000000100000000)
  region size 1024K, 7 young (7168K), 7 survivors (7168K)
 Metaspace       used 89428K, committed 89984K, reserved 1179648K
  class space    used 11885K, committed 12160K, reserved 1048576K
}
Event: 12.238 GC heap before
{Heap before GC invocations=32 (full 0):
 garbage-first heap   total 346112K, used 99192K [0x0000000080000000, 0x0000000100000000)
  region size 1024K, 16 young (16384K), 7 survivors (7168K)
 Metaspace       used 90056K, committed 90688K, reserved 1179648K
  class space    used 11985K, committed 12224K, reserved 1048576K
}
Event: 12.244 GC heap after
{Heap after GC invocations=33 (full 0):
 garbage-first heap   total 346112K, used 91329K [0x0000000080000000, 0x0000000100000000)
  region size 1024K, 1 young (1024K), 1 survivors (1024K)
 Metaspace       used 90056K, committed 90688K, reserved 1179648K
  class space    used 11985K, committed 12224K, reserved 1048576K
}
Event: 13.905 GC heap before
{Heap before GC invocations=33 (full 0):
 garbage-first heap   total 346112K, used 249025K [0x0000000080000000, 0x0000000100000000)
  region size 1024K, 155 young (158720K), 1 survivors (1024K)
 Metaspace       used 98569K, committed 99200K, reserved 1179648K
  class space    used 13362K, committed 13632K, reserved 1048576K
}
Event: 13.914 GC heap after
{Heap after GC invocations=34 (full 0):
 garbage-first heap   total 346112K, used 98675K [0x0000000080000000, 0x0000000100000000)
  region size 1024K, 8 young (8192K), 8 survivors (8192K)
 Metaspace       used 98569K, committed 99200K, reserved 1179648K
  class space    used 13362K, committed 13632K, reserved 1048576K
}
Event: 15.771 GC heap before
{Heap before GC invocations=34 (full 0):
 garbage-first heap   total 346112K, used 264563K [0x0000000080000000, 0x0000000100000000)
  region size 1024K, 171 young (175104K), 8 survivors (8192K)
 Metaspace       used 110968K, committed 111680K, reserved 1179648K
  class space    used 15059K, committed 15360K, reserved 1048576K
}
Event: 15.785 GC heap after
{Heap after GC invocations=35 (full 0):
 garbage-first heap   total 346112K, used 110515K [0x0000000080000000, 0x0000000100000000)
  region size 1024K, 20 young (20480K), 20 survivors (20480K)
 Metaspace       used 110968K, committed 111680K, reserved 1179648K
  class space    used 15059K, committed 15360K, reserved 1048576K
}
Event: 17.071 GC heap before
{Heap before GC invocations=35 (full 0):
 garbage-first heap   total 346112K, used 274355K [0x0000000080000000, 0x0000000100000000)
  region size 1024K, 176 young (180224K), 20 survivors (20480K)
 Metaspace       used 114561K, committed 115328K, reserved 1179648K
  class space    used 15530K, committed 15936K, reserved 1048576K
}
Event: 17.082 GC heap after
{Heap after GC invocations=36 (full 0):
 garbage-first heap   total 346112K, used 119427K [0x0000000080000000, 0x0000000100000000)
  region size 1024K, 21 young (21504K), 21 survivors (21504K)
 Metaspace       used 114561K, committed 115328K, reserved 1179648K
  class space    used 15530K, committed 15936K, reserved 1048576K
}
Event: 228.624 GC heap before
{Heap before GC invocations=36 (full 0):
 garbage-first heap   total 346112K, used 275075K [0x0000000080000000, 0x0000000100000000)
  region size 1024K, 174 young (178176K), 21 survivors (21504K)
 Metaspace       used 120805K, committed 121600K, reserved 1179648K
  class space    used 16144K, committed 16512K, reserved 1048576K
}
Event: 230.405 GC heap after
{Heap after GC invocations=37 (full 0):
 garbage-first heap   total 346112K, used 125539K [0x0000000080000000, 0x0000000100000000)
  region size 1024K, 15 young (15360K), 15 survivors (15360K)
 Metaspace       used 120805K, committed 121600K, reserved 1179648K
  class space    used 16144K, committed 16512K, reserved 1048576K
}
Event: 230.656 GC heap before
{Heap before GC invocations=37 (full 0):
 garbage-first heap   total 346112K, used 126563K [0x0000000080000000, 0x0000000100000000)
  region size 1024K, 16 young (16384K), 15 survivors (15360K)
 Metaspace       used 120828K, committed 121600K, reserved 1179648K
  class space    used 16144K, committed 16512K, reserved 1048576K
}
Event: 230.939 GC heap after
{Heap after GC invocations=38 (full 0):
 garbage-first heap   total 346112K, used 127103K [0x0000000080000000, 0x0000000100000000)
  region size 1024K, 2 young (2048K), 2 survivors (2048K)
 Metaspace       used 120828K, committed 121600K, reserved 1179648K
  class space    used 16144K, committed 16512K, reserved 1048576K
}

